/bin/cp /cs/groupprojects/cis330/assignments/assignment1/master/g_Makefile . > /dev/null 2>&1
-----<< Problem 4-first: >>------
[2017-01-19 16:14:32.466065] gcc -std=c99 -c first.c
Inputs: 
STDOUT:

STDERR:
PASS
-----<< Problem 4-first: >>------
[2017-01-19 16:14:32.553140] /bin/rm -f first *.o && make -f g_Makefile first
Inputs: 
STDOUT:
gcc -Wall -std=c99 -o first first.c

STDERR:

Comparing against master output:
[2017-01-19 16:14:32.696612] diff -y -B -b first.output first.master
Inputs: 
STDOUT:
							      >	** Welcome to Thinking in C **
							      >	(You'll be glad you came!)

STDERR:

-----<< Problem 4-first: >>------
[2017-01-19 16:14:32.731372] numdiffs=`diff  -B -b first.output first.master | wc -l`
Inputs: 
STDOUT:

STDERR:
Found 0 differences (within acceptable tolerance)
PASS
-----<< Problem 4-avg: >>------
[2017-01-19 16:14:32.795816] gcc -std=c99 -c avg.c
Inputs: 
STDOUT:

STDERR:
PASS
-----<< Problem 4-avg: >>------
[2017-01-19 16:14:32.884581] /bin/rm -f avg *.o && make -f g_Makefile avg
Inputs: 
STDOUT:
gcc -Wall -std=c99 -o avg avg.c

STDERR:

-----<< Problem 4-avg: >>------
[2017-01-19 16:14:33.003652] ./avg
Inputs: 10
12

STDOUT:
Enter the 1st number:
Enter the 2nd number:
The average is 11.000000

STDERR:

-----<< Problem 4-avg: >>------
[2017-01-19 16:14:33.038116] ./avg
Inputs: 89
-3

STDOUT:
Enter the 1st number:
Enter the 2nd number:
The average is 43.000000

STDERR:

Comparing against master output:
[2017-01-19 16:14:33.078816] diff -y -B -b avg.output avg.master
Inputs: 
STDOUT:
Enter the 1st number:						Enter the 1st number:
Enter the 2nd number:						Enter the 2nd number:
The average is 11.000000					The average is 11.000000
Enter the 1st number:						Enter the 1st number:
Enter the 2nd number:						Enter the 2nd number:
The average is 43.000000					The average is 43.000000

STDERR:

-----<< Problem 4-avg: >>------
[2017-01-19 16:14:33.114571] numdiffs=`diff  -B -b avg.output avg.master | wc -l`
Inputs: 
STDOUT:

STDERR:
Found 0 differences (within acceptable tolerance)
PASS
-----<< Problem 4-sticks: >>------
[2017-01-19 16:14:33.178420] gcc -std=c99 -c sticks.c
Inputs: 
STDOUT:

STDERR:
PASS
-----<< Problem 4-sticks: >>------
[2017-01-19 16:14:33.271390] /bin/rm -f sticks *.o && make -f g_Makefile sticks
Inputs: 
STDOUT:
gcc -Wall -std=c99 -o sticks sticks.c

STDERR:
sticks.c: In function ‘getUserChoice’:
sticks.c:25:1: warning: control reaches end of non-void function [-Wreturn-type]
 } // End int getUserChoice()
 ^
PASS
-----<< Problem 4-sticks: >>------
[2017-01-19 16:14:33.395304] ./sticks
Inputs: 13
3
3
2
1

STDOUT:
Welcome to the game of sticks!
How many sticks are there on the table initially (10-100)? 

There are 13 sticks on the board.
Player 1: How many sticks do you take (1-3)? 
There are 10 sticks on the board.
Computer selects: 2

There are 8 sticks on the board.
Player 1: How many sticks do you take (1-3)? 
There are 5 sticks on the board.
Computer selects: 3

There are 2 sticks on the board.
Player 1: How many sticks do you take (1-3)? You lose!

STDERR:
RUNTIME ERROR

ENDSTUDENT Son, Je Min

