ize: 6
   0  1  2  3  4  5
  ┌--┬--┬--┬--┬--┬--┐
0 |  |  |  |  |  |  |
  ├--+--+--+--+--+--┤
1 |  |  |  |  |  |  |
  ├--+--+--+--+--+--┤
2 |  |  |● |○ |  |  |
  ├--+--+--+--+--+--┤
3 |  |  |○ |● |  |  |
  ├--+--+--+--+--+--┤
4 |  |  |  |  |  |  |
  ├--+--+--+--+--+--┤
5 |  |  |  |  |  |  |
  └--┴--┴--┴--┴--┴--┘
Player Black's turn
enter column, then row=> 2 1

   0  1  2  3  4  5
  ┌--┬--┬--┬--┬--┬--┐
0 |  |  |  |  |  |  |
  ├--+--+--+--+--+--┤
1 |  |  |○ |  |  |  |
  ├--+--+--+--+--+--┤
2 |  |  |○ |○ |  |  |
  ├--+--+--+--+--+--┤
3 |  |  |○ |● |  |  |
  ├--+--+--+--+--+--┤
4 |  |  |  |  |  |  |
  ├--+--+--+--+--+--┤
5 |  |  |  |  |  |  |
  └--┴--┴--┴--┴--┴--┘
Player White's turn
enter column, then row=> 1 3

   0  1  2  3  4  5
  ┌--┬--┬--┬--┬--┬--┐
0 |  |  |  |  |  |  |
  ├--+--+--+--+--+--┤
1 |  |  |○ |  |  |  |
  ├--+--+--+--+--+--┤
2 |  |  |○ |○ |  |  |
  ├--+--+--+--+--+--┤
3 |  |● |● |● |  |  |
  ├--+--+--+--+--+--┤
4 |  |  |  |  |  |  |
  ├--+--+--+--+--+--┤
5 |  |  |  |  |  |  |
  └--┴--┴--┴--┴--┴--┘
Player Black's turn
enter column, then row=> 0 4

   0  1  2  3  4  5
  ┌--┬--┬--┬--┬--┬--┐
0 |  |  |  |  |  |  |
  ├--+--+--+--+--+--┤
1 |  |  |○ |  |  |  |
  ├--+--+--+--+--+--┤
2 |  |  |○ |○ |  |  |
  ├--+--+--+--+--+--┤
3 |  |○ |● |● |  |  |
  ├--+--+--+--+--+--┤
4 |○ |  |  |  |  |  |
  ├--+--+--+--+--+--┤
5 |  |  |  |  |  |  |
  └--┴--┴--┴--┴--┴--┘
Player White's turn
enter column, then row=> 0 3

   0  1  2  3  4  5
  ┌--┬--┬--┬--┬--┬--┐
0 |  |  |  |  |  |  |
  ├--+--+--+--+--+--┤
1 |  |  |○ |  |  |  |
  ├--+--+--+--+--+--┤
2 |  |  |○ |○ |  |  |
  ├--+--+--+--+--+--┤
3 |● |● |● |● |  |  |
  ├--+--+--+--+--+--┤
4 |○ |  |  |  |  |  |
  ├--+--+--+--+--+--┤
5 |  |  |  |  |  |  |
  └--┴--┴--┴--┴--┴--┘
Player Black's turn
enter column, then row=> 3 3

3 3you can't place a stone here。
place again、enter column, then row=>

2 4

   0  1  2  3  4  5
  ┌--┬--┬--┬--┬--┬--┐
0 |  |  |  |  |  |  |
  ├--+--+--+--+--+--┤
1 |  |  |○ |  |  |  |
  ├--+--+--+--+--+--┤
2 |  |  |○ |○ |  |  |
  ├--+--+--+--+--+--┤
3 |● |● |○ |● |  |  |
  ├--+--+--+--+--+--┤
4 |○ |  |○ |  |  |  |
  ├--+--+--+--+--+--┤
5 |  |  |  |  |  |  |
  └--┴--┴--┴--┴--┴--┘
Player White's turn
enter column, then row=> 3 5

   0  1  2  3  4  5
  ┌--┬--┬--┬--┬--┬--┐
0 |  |  |  |  |  |  |
  ├--+--+--+--+--+--┤
1 |  |  |○ |  |  |  |
  ├--+--+--+--+--+--┤
2 |  |  |○ |○ |  |  |
  ├--+--+--+--+--+--┤
3 |● |● |○ |● |  |  |
  ├--+--+--+--+--+--┤
4 |○ |  |● |  |  |  |
  ├--+--+--+--+--+--┤
5 |  |  |  |● |  |  |
  └--┴--┴--┴--┴--┴--┘
Player Black's turn
enter column, then row=> 2 5

   0  1  2  3  4  5
  ┌--┬--┬--┬--┬--┬--┐
0 |  |  |  |  |  |  |
  ├--+--+--+--+--+--┤
1 |  |  |○ |  |  |  |
  ├--+--+--+--+--+--┤
2 |  |  |○ |○ |  |  |
  ├--+--+--+--+--+--┤
3 |● |● |○ |● |  |  |
  ├--+--+--+--+--+--┤
4 |○ |  |○ |  |  |  |
  ├--+--+--+--+--+--┤
5 |  |  |○ |● |  |  |
  └--┴--┴--┴--┴--┴--┘
Player White's turn
enter column, then row=> 1 5

   0  1  2  3  4  5
  ┌--┬--┬--┬--┬--┬--┐
0 |  |  |  |  |  |  |
  ├--+--+--+--+--+--┤
1 |  |  |○ |  |  |  |
  ├--+--+--+--+--+--┤
2 |  |  |○ |○ |  |  |
  ├--+--+--+--+--+--┤
3 |● |● |○ |● |  |  |
  ├--+--+--+--+--+--┤
4 |○ |  |● |  |  |  |
  ├--+--+--+--+--+--┤
5 |  |● |● |● |  |  |
  └--┴--┴--┴--┴--┴--┘
Player Black's turn
enter column, then row=> 3 4

   0  1  2  3  4  5
  ┌--┬--┬--┬--┬--┬--┐
0 |  |  |  |  |  |  |
  ├--+--+--+--+--+--┤
1 |  |  |○ |  |  |  |
  ├--+--+--+--+--+--┤
2 |  |  |○ |○ |  |  |
  ├--+--+--+--+--+--┤
3 |● |● |○ |○ |  |  |
  ├--+--+--+--+--+--┤
4 |○ |  |● |○ |  |  |
  ├--+--+--+--+--+--┤
5 |  |● |● |● |  |  |
  └--┴--┴--┴--┴--┴--┘
Player White's turn
enter column, then row=> 1 4

1 4you can't place a stone here。
place again、enter column, then row=> 4 2

   0  1  2  3  4  5
  ┌--┬--┬--┬--┬--┬--┐
0 |  |  |  |  |  |  |
  ├--+--+--+--+--+--┤
1 |  |  |○ |  |  |  |
  ├--+--+--+--+--+--┤
2 |  |  |○ |○ |● |  |
  ├--+--+--+--+--+--┤
3 |● |● |○ |● |  |  |
  ├--+--+--+--+--+--┤
4 |○ |  |● |○ |  |  |
  ├--+--+--+--+--+--┤
5 |  |● |● |● |  |  |
  └--┴--┴--┴--┴--┴--┘
Player Black's turn
enter column, then row=> 1 4

   0  1  2  3  4  5
  ┌--┬--┬--┬--┬--┬--┐
0 |  |  |  |  |  |  |
  ├--+--+--+--+--+--┤
1 |  |  |○ |  |  |  |
  ├--+--+--+--+--+--┤
2 |  |  |○ |○ |● |  |
  ├--+--+--+--+--+--┤
3 |● |● |○ |● |  |  |
  ├--+--+--+--+--+--┤
4 |○ |○ |○ |○ |  |  |
  ├--+--+--+--+--+--┤
5 |  |● |● |● |  |  |
  └--┴--┴--┴--┴--┴--┘
Player White's turn
enter column, then row=> 0 5

   0  1  2  3  4  5
  ┌--┬--┬--┬--┬--┬--┐
0 |  |  |  |  |  |  |
  ├--+--+--+--+--+--┤
1 |  |  |○ |  |  |  |
  ├--+--+--+--+--+--┤
2 |  |  |○ |○ |● |  |
  ├--+--+--+--+--+--┤
3 |● |● |○ |● |  |  |
  ├--+--+--+--+--+--┤
4 |● |○ |○ |○ |  |  |
  ├--+--+--+--+--+--┤
5 |● |● |● |● |  |  |
  └--┴--┴--┴--┴--┴--┘
Player Black's turn
enter column, then row=> 4 2

4 2you can't place a stone here。
place again、enter column, then row=> 4 3

   0  1  2  3  4  5
  ┌--┬--┬--┬--┬--┬--┐
0 |  |  |  |  |  |  |
  ├--+--+--+--+--+--┤
1 |  |  |○ |  |  |  |
  ├--+--+--+--+--+--┤
2 |  |  |○ |○ |● |  |
  ├--+--+--+--+--+--┤
3 |● |● |○ |○ |○ |  |
  ├--+--+--+--+--+--┤
4 |● |○ |○ |○ |  |  |
  ├--+--+--+--+--+--┤
5 |● |● |● |● |  |  |
  └--┴--┴--┴--┴--┴--┘
Player White's turn
enter column, then row=> 5 3

   0  1  2  3  4  5
  ┌--┬--┬--┬--┬--┬--┐
0 |  |  |  |  |  |  |
  ├--+--+--+--+--+--┤
1 |  |  |○ |  |  |  |
  ├--+--+--+--+--+--┤
2 |  |  |○ |○ |● |  |
  ├--+--+--+--+--+--┤
3 |● |● |● |● |● |● |
  ├--+--+--+--+--+--┤
4 |● |○ |○ |○ |  |  |
  ├--+--+--+--+--+--┤
5 |● |● |● |● |  |  |
  └--┴--┴--┴--┴--┴--┘
Player Black's turn
enter column, then row=> 4 4

   0  1  2  3  4  5
  ┌--┬--┬--┬--┬--┬--┐
0 |  |  |  |  |  |  |
  ├--+--+--+--+--+--┤
1 |  |  |○ |  |  |  |
  ├--+--+--+--+--+--┤
2 |  |  |○ |○ |● |  |
  ├--+--+--+--+--+--┤
3 |● |● |● |○ |● |● |
  ├--+--+--+--+--+--┤
4 |● |○ |○ |○ |○ |  |
  ├--+--+--+--+--+--┤
5 |● |● |● |● |  |  |
  └--┴--┴--┴--┴--┴--┘
Player White's turn
enter column, then row=> 1 2

   0  1  2  3  4  5
  ┌--┬--┬--┬--┬--┬--┐
0 |  |  |  |  |  |  |
  ├--+--+--+--+--+--┤
1 |  |  |○ |  |  |  |
  ├--+--+--+--+--+--┤
2 |  |● |● |● |● |  |
  ├--+--+--+--+--+--┤
3 |● |● |● |○ |● |● |
  ├--+--+--+--+--+--┤
4 |● |○ |○ |○ |○ |  |
  ├--+--+--+--+--+--┤
5 |● |● |● |● |  |  |
  └--┴--┴--┴--┴--┴--┘
Player Black's turn
enter column, then row=> 0 2

   0  1  2  3  4  5
  ┌--┬--┬--┬--┬--┬--┐
0 |  |  |  |  |  |  |
  ├--+--+--+--+--+--┤
1 |  |  |○ |  |  |  |
  ├--+--+--+--+--+--┤
2 |○ |● |● |● |● |  |
  ├--+--+--+--+--+--┤
3 |● |○ |● |○ |● |● |
  ├--+--+--+--+--+--┤
4 |● |○ |○ |○ |○ |  |
  ├--+--+--+--+--+--┤
5 |● |● |● |● |  |  |
  └--┴--┴--┴--┴--┴--┘
Player White's turn
enter column, then row=> 5 4

   0  1  2  3  4  5
  ┌--┬--┬--┬--┬--┬--┐
0 |  |  |  |  |  |  |
  ├--+--+--+--+--+--┤
1 |  |  |○ |  |  |  |
  ├--+--+--+--+--+--┤
2 |○ |● |● |● |● |  |
  ├--+--+--+--+--+--┤
3 |● |○ |● |○ |● |● |
  ├--+--+--+--+--+--┤
4 |● |● |● |● |● |● |
  ├--+--+--+--+--+--┤
5 |● |● |● |● |  |  |
  └--┴--┴--┴--┴--┴--┘
Player Black's turn
enter column, then row=> 5 1

   0  1  2  3  4  5
  ┌--┬--┬--┬--┬--┬--┐
0 |  |  |  |  |  |  |
  ├--+--+--+--+--+--┤
1 |  |  |○ |  |  |○ |
  ├--+--+--+--+--+--┤
2 |○ |● |● |● |○ |  |
  ├--+--+--+--+--+--┤
3 |● |○ |● |○ |● |● |
  ├--+--+--+--+--+--┤
4 |● |● |● |● |● |● |
  ├--+--+--+--+--+--┤
5 |● |● |● |● |  |  |
  └--┴--┴--┴--┴--┴--┘
Player White's turn
enter column, then row=> 5 2

   0  1  2  3  4  5
  ┌--┬--┬--┬--┬--┬--┐
0 |  |  |  |  |  |  |
  ├--+--+--+--+--+--┤
1 |  |  |○ |  |  |○ |
  ├--+--+--+--+--+--┤
2 |○ |● |● |● |● |● |
  ├--+--+--+--+--+--┤
3 |● |○ |● |○ |● |● |
  ├--+--+--+--+--+--┤
4 |● |● |● |● |● |● |
  ├--+--+--+--+--+--┤
5 |● |● |● |● |  |  |
  └--┴--┴--┴--┴--┴--┘
Player Black's turn
enter column, then row=> 5 5

   0  1  2  3  4  5
  ┌--┬--┬--┬--┬--┬--┐
0 |  |  |  |  |  |  |
  ├--+--+--+--+--+--┤
1 |  |  |○ |  |  |○ |
  ├--+--+--+--+--+--┤
2 |○ |● |● |● |● |○ |
  ├--+--+--+--+--+--┤
3 |● |○ |● |○ |● |○ |
  ├--+--+--+--+--+--┤
4 |● |● |● |● |○ |○ |
  ├--+--+--+--+--+--┤
5 |● |● |● |● |  |○ |
  └--┴--┴--┴--┴--┴--┘
Player White's turn
enter column, then row=> 4 5

   0  1  2  3  4  5
  ┌--┬--┬--┬--┬--┬--┐
0 |  |  |  |  |  |  |
  ├--+--+--+--+--+--┤
1 |  |  |○ |  |  |○ |
  ├--+--+--+--+--+--┤
2 |○ |● |● |● |● |○ |
  ├--+--+--+--+--+--┤
3 |● |○ |● |○ |● |○ |
  ├--+--+--+--+--+--┤
4 |● |● |● |● |● |○ |
  ├--+--+--+--+--+--┤
5 |● |● |● |● |● |○ |
  └--┴--┴--┴--┴--┴--┘
Player Black's turn
enter column, then row=> 0 1

0 1you can't place a stone here。
place again、enter column, then row=> 1 1

   0  1  2  3  4  5
  ┌--┬--┬--┬--┬--┬--┐
0 |  |  |  |  |  |  |
  ├--+--+--+--+--+--┤
1 |  |○ |○ |  |  |○ |
  ├--+--+--+--+--+--┤
2 |○ |○ |○ |● |● |○ |
  ├--+--+--+--+--+--┤
3 |● |○ |● |○ |● |○ |
  ├--+--+--+--+--+--┤
4 |● |● |● |● |● |○ |
  ├--+--+--+--+--+--┤
5 |● |● |● |● |● |○ |
  └--┴--┴--┴--┴--┴--┘
Player White's turn
enter column, then row=> 0 0

   0  1  2  3  4  5
  ┌--┬--┬--┬--┬--┬--┐
0 |● |  |  |  |  |  |
  ├--+--+--+--+--+--┤
1 |  |● |○ |  |  |○ |
  ├--+--+--+--+--+--┤
2 |○ |○ |● |● |● |○ |
  ├--+--+--+--+--+--┤
3 |● |○ |● |● |● |○ |
  ├--+--+--+--+--+--┤
4 |● |● |● |● |● |○ |
  ├--+--+--+--+--+--┤
5 |● |● |● |● |● |○ |
  └--┴--┴--┴--┴--┴--┘
Player Black's turn
enter column, then row=> 0 1

   0  1  2  3  4  5
  ┌--┬--┬--┬--┬--┬--┐
0 |● |  |  |  |  |  |
  ├--+--+--+--+--+--┤
1 |○ |○ |○ |  |  |○ |
  ├--+--+--+--+--+--┤
2 |○ |○ |● |● |● |○ |
  ├--+--+--+--+--+--┤
3 |● |○ |● |● |● |○ |
  ├--+--+--+--+--+--┤
4 |● |● |● |● |● |○ |
  ├--+--+--+--+--+--┤
5 |● |● |● |● |● |○ |
  └--┴--┴--┴--┴--┴--┘
Player White's turn
enter column, then row=> 1 0

   0  1  2  3  4  5
  ┌--┬--┬--┬--┬--┬--┐
0 |● |● |  |  |  |  |
  ├--+--+--+--+--+--┤
1 |○ |● |● |  |  |○ |
  ├--+--+--+--+--+--┤
2 |○ |● |● |● |● |○ |
  ├--+--+--+--+--+--┤
3 |● |● |● |● |● |○ |
  ├--+--+--+--+--+--┤
4 |● |● |● |● |● |○ |
  ├--+--+--+--+--+--┤
5 |● |● |● |● |● |○ |
  └--┴--┴--┴--┴--┴--┘
Player Black's turn
enter column, then row=> 2 0

   0  1  2  3  4  5
  ┌--┬--┬--┬--┬--┬--┐
0 |● |● |○ |  |  |  |
  ├--+--+--+--+--+--┤
1 |○ |○ |● |  |  |○ |
  ├--+--+--+--+--+--┤
2 |○ |● |● |● |● |○ |
  ├--+--+--+--+--+--┤
3 |● |● |● |● |● |○ |
  ├--+--+--+--+--+--┤
4 |● |● |● |● |● |○ |
  ├--+--+--+--+--+--┤
5 |● |● |● |● |● |○ |
  └--┴--┴--┴--┴--┴--┘
Player White's turn
enter column, then row=> 3 0

   0  1  2  3  4  5
  ┌--┬--┬--┬--┬--┬--┐
0 |● |● |● |● |  |  |
  ├--+--+--+--+--+--┤
1 |○ |○ |● |  |  |○ |
  ├--+--+--+--+--+--┤
2 |○ |● |● |● |● |○ |
  ├--+--+--+--+--+--┤
3 |● |● |● |● |● |○ |
  ├--+--+--+--+--+--┤
4 |● |● |● |● |● |○ |
  ├--+--+--+--+--+--┤
5 |● |● |● |● |● |○ |
  └--┴--┴--┴--┴--┴--┘
Player Black's turn
enter column, then row=> 3 1

   0  1  2  3  4  5
  ┌--┬--┬--┬--┬--┬--┐
0 |● |● |● |● |  |  |
  ├--+--+--+--+--+--┤
1 |○ |○ |○ |○ |  |○ |
  ├--+--+--+--+--+--┤
2 |○ |● |● |● |○ |○ |
  ├--+--+--+--+--+--┤
3 |● |● |● |● |● |○ |
  ├--+--+--+--+--+--┤
4 |● |● |● |● |● |○ |
  ├--+--+--+--+--+--┤
5 |● |● |● |● |● |○ |
  └--┴--┴--┴--┴--┴--┘
Player White's turn
enter column, then row=> 4 1

   0  1  2  3  4  5
  ┌--┬--┬--┬--┬--┬--┐
0 |● |● |● |● |  |  |
  ├--+--+--+--+--+--┤
1 |○ |○ |○ |○ |● |○ |
  ├--+--+--+--+--+--┤
2 |○ |● |● |● |● |○ |
  ├--+--+--+--+--+--┤
3 |● |● |● |● |● |○ |
  ├--+--+--+--+--+--┤
4 |● |● |● |● |● |○ |
  ├--+--+--+--+--+--┤
5 |● |● |● |● |● |○ |
  └--┴--┴--┴--┴--┴--┘
Player White's turn
enter column, then row=> 4 0


Result:
Black: 9 vs White: 26


&&& White won!&&&

